  check_index.cpp
c:\users\vip\documents\github\cpp_sudoku_genius\game_2.0\game_2.0\tvslib.h(42): error C2143: syntax error: missing ';' before '<'
c:\users\vip\documents\github\cpp_sudoku_genius\game_2.0\game_2.0\tvslib.h(42): error C4430: missing type specifier - int assumed. Note: C++ does not support default-int
c:\users\vip\documents\github\cpp_sudoku_genius\game_2.0\game_2.0\tvslib.h(42): error C2238: unexpected token(s) preceding ';'
c:\users\vip\documents\github\cpp_sudoku_genius\game_2.0\game_2.0\tvslib.h(47): error C2143: syntax error: missing ';' before '<'
c:\users\vip\documents\github\cpp_sudoku_genius\game_2.0\game_2.0\tvslib.h(47): error C4430: missing type specifier - int assumed. Note: C++ does not support default-int
c:\users\vip\documents\github\cpp_sudoku_genius\game_2.0\game_2.0\tvslib.h(47): error C2238: unexpected token(s) preceding ';'
  empty_list.cpp
c:\users\vip\documents\github\cpp_sudoku_genius\game_2.0\game_2.0\tvslib.h(42): error C2143: syntax error: missing ';' before '<'
c:\users\vip\documents\github\cpp_sudoku_genius\game_2.0\game_2.0\tvslib.h(42): error C4430: missing type specifier - int assumed. Note: C++ does not support default-int
c:\users\vip\documents\github\cpp_sudoku_genius\game_2.0\game_2.0\tvslib.h(42): error C2238: unexpected token(s) preceding ';'
c:\users\vip\documents\github\cpp_sudoku_genius\game_2.0\game_2.0\tvslib.h(47): error C2143: syntax error: missing ';' before '<'
c:\users\vip\documents\github\cpp_sudoku_genius\game_2.0\game_2.0\tvslib.h(47): error C4430: missing type specifier - int assumed. Note: C++ does not support default-int
c:\users\vip\documents\github\cpp_sudoku_genius\game_2.0\game_2.0\tvslib.h(47): error C2238: unexpected token(s) preceding ';'
c:\users\vip\documents\github\cpp_sudoku_genius\game_2.0\game_2.0\empty_list.cpp(11): error C2039: 'getMap': is not a member of 'Sudoku'
  c:\users\vip\documents\github\cpp_sudoku_genius\game_2.0\game_2.0\tvslib.h(39): note: see declaration of 'Sudoku'
  main.cpp
c:\users\vip\documents\github\cpp_sudoku_genius\game_2.0\game_2.0\tvslib.h(42): error C2143: syntax error: missing ';' before '<'
c:\users\vip\documents\github\cpp_sudoku_genius\game_2.0\game_2.0\tvslib.h(42): error C4430: missing type specifier - int assumed. Note: C++ does not support default-int
c:\users\vip\documents\github\cpp_sudoku_genius\game_2.0\game_2.0\tvslib.h(42): error C2238: unexpected token(s) preceding ';'
c:\users\vip\documents\github\cpp_sudoku_genius\game_2.0\game_2.0\tvslib.h(47): error C2143: syntax error: missing ';' before '<'
c:\users\vip\documents\github\cpp_sudoku_genius\game_2.0\game_2.0\tvslib.h(47): error C4430: missing type specifier - int assumed. Note: C++ does not support default-int
c:\users\vip\documents\github\cpp_sudoku_genius\game_2.0\game_2.0\tvslib.h(47): error C2238: unexpected token(s) preceding ';'
  prob_list.cpp
c:\users\vip\documents\github\cpp_sudoku_genius\game_2.0\game_2.0\tvslib.h(42): error C2143: syntax error: missing ';' before '<'
c:\users\vip\documents\github\cpp_sudoku_genius\game_2.0\game_2.0\tvslib.h(42): error C4430: missing type specifier - int assumed. Note: C++ does not support default-int
c:\users\vip\documents\github\cpp_sudoku_genius\game_2.0\game_2.0\tvslib.h(42): error C2238: unexpected token(s) preceding ';'
c:\users\vip\documents\github\cpp_sudoku_genius\game_2.0\game_2.0\tvslib.h(47): error C2143: syntax error: missing ';' before '<'
c:\users\vip\documents\github\cpp_sudoku_genius\game_2.0\game_2.0\tvslib.h(47): error C4430: missing type specifier - int assumed. Note: C++ does not support default-int
c:\users\vip\documents\github\cpp_sudoku_genius\game_2.0\game_2.0\tvslib.h(47): error C2238: unexpected token(s) preceding ';'
  sudoku.cpp
c:\users\vip\documents\github\cpp_sudoku_genius\game_2.0\game_2.0\tvslib.h(42): error C2143: syntax error: missing ';' before '<'
c:\users\vip\documents\github\cpp_sudoku_genius\game_2.0\game_2.0\tvslib.h(42): error C4430: missing type specifier - int assumed. Note: C++ does not support default-int
c:\users\vip\documents\github\cpp_sudoku_genius\game_2.0\game_2.0\tvslib.h(42): error C2238: unexpected token(s) preceding ';'
c:\users\vip\documents\github\cpp_sudoku_genius\game_2.0\game_2.0\tvslib.h(47): error C2143: syntax error: missing ';' before '<'
c:\users\vip\documents\github\cpp_sudoku_genius\game_2.0\game_2.0\tvslib.h(47): error C4430: missing type specifier - int assumed. Note: C++ does not support default-int
c:\users\vip\documents\github\cpp_sudoku_genius\game_2.0\game_2.0\tvslib.h(47): error C2238: unexpected token(s) preceding ';'
c:\users\vip\documents\github\cpp_sudoku_genius\game_2.0\game_2.0\sudoku.cpp(97): error C2039: 'getMap': is not a member of 'Sudoku'
  c:\users\vip\documents\github\cpp_sudoku_genius\game_2.0\game_2.0\tvslib.h(39): note: see declaration of 'Sudoku'
c:\users\vip\documents\github\cpp_sudoku_genius\game_2.0\game_2.0\sudoku.cpp(99): error C2355: 'this': can only be referenced inside non-static member functions or non-static data member initializers
c:\users\vip\documents\github\cpp_sudoku_genius\game_2.0\game_2.0\sudoku.cpp(99): error C2227: left of '->pMap' must point to class/struct/union/generic type
  Generating Code...
